{
  "stats": {
    "suites": 1,
    "tests": 2,
    "passes": 2,
    "pending": 0,
    "failures": 0,
    "start": "2024-05-30T14:42:15.582Z",
    "end": "2024-05-30T14:42:22.194Z",
    "duration": 6612,
    "testsRegistered": 2,
    "passPercent": 100,
    "pendingPercent": 0,
    "other": 0,
    "hasOther": false,
    "skipped": 0,
    "hasSkipped": false
  },
  "results": [
    {
      "uuid": "0ac3a5d3-6c09-4d00-a374-550c295317d9",
      "title": "",
      "fullFile": "cypress\\e2e\\practice.cy.js",
      "file": "cypress\\e2e\\practice.cy.js",
      "beforeHooks": [],
      "afterHooks": [],
      "tests": [],
      "suites": [
        {
          "uuid": "e8bfad16-8502-4bc2-967e-c77434786ccc",
          "title": "This is a Practice Test Suite",
          "fullFile": "",
          "file": "",
          "beforeHooks": [],
          "afterHooks": [],
          "tests": [
            {
              "title": "Validate Title of the webPage",
              "fullTitle": "This is a Practice Test Suite Validate Title of the webPage",
              "timedOut": null,
              "duration": 4024,
              "state": "passed",
              "speed": "fast",
              "pass": true,
              "fail": false,
              "pending": false,
              "context": null,
              "code": "cy.visit('https://rahulshettyacademy.com/AutomationPractice/');\ncy.title().should('eq', 'Practice Page');",
              "err": {},
              "uuid": "0ea530ff-f258-4574-815d-be8b784326d2",
              "parentUUID": "e8bfad16-8502-4bc2-967e-c77434786ccc",
              "isHook": false,
              "skipped": false
            },
            {
              "title": "To Click on radio buttons",
              "fullTitle": "This is a Practice Test Suite To Click on radio buttons",
              "timedOut": null,
              "duration": 671,
              "state": "passed",
              "speed": "fast",
              "pass": true,
              "fail": false,
              "pending": false,
              "context": null,
              "code": "cy.visit('https://rahulshettyacademy.com/AutomationPractice/');\ncy.xpath('//*[@value=\"radio1\"]').click();",
              "err": {},
              "uuid": "3fb94a52-dfce-42a5-8beb-0ec6f832fdb5",
              "parentUUID": "e8bfad16-8502-4bc2-967e-c77434786ccc",
              "isHook": false,
              "skipped": false
            }
          ],
          "suites": [],
          "passes": [
            "0ea530ff-f258-4574-815d-be8b784326d2",
            "3fb94a52-dfce-42a5-8beb-0ec6f832fdb5"
          ],
          "failures": [],
          "pending": [],
          "skipped": [],
          "duration": 4695,
          "root": false,
          "rootEmpty": false,
          "_timeout": 2000
        }
      ],
      "passes": [],
      "failures": [],
      "pending": [],
      "skipped": [],
      "duration": 0,
      "root": true,
      "rootEmpty": true,
      "_timeout": 2000
    }
  ],
  "meta": {
    "mocha": {
      "version": "7.0.1"
    },
    "mochawesome": {
      "options": {
        "quiet": false,
        "reportFilename": "mochawesome",
        "saveHtml": true,
        "saveJson": true,
        "consoleReporter": "spec",
        "useInlineDiffs": false,
        "code": true
      },
      "version": "7.1.3"
    },
    "marge": {
      "options": null,
      "version": "6.2.0"
    }
  }
}